Матрица смежности:
     0  1  2  3  4  5  6  7
  0  0  1  1  0  0  1  0  0
  1  1  0  0  0  0  1  1  1
  2  1  0  0  1  1  1  1  0
  3  0  0  1  0  1  0  1  0
  4  0  0  1  1  0  0  1  0
  5  1  1  1  0  0  0  0  1
  6  0  1  1  1  1  0  0  0
  7  0  1  0  0  0  1  0  0
Вершины по убыванию степени:
2 1 5 6 4 3 0 7 
Цвета вершин:
Вершина 0, цвет 3
Вершина 1, цвет 1
Вершина 2, цвет 1
Вершина 3, цвет 4
Вершина 4, цвет 3
Вершина 5, цвет 2
Вершина 6, цвет 2
Вершина 7, цвет 3

Хроматическое число графа = 4
