Матрица смежности:
     0  1  2  3  4  5  6  7  8  9 10 11
  0  0  1  1  0  0  1  0  0  0  0  0  0
  1  1  0  1  1  0  0  0  0  0  0  0  0
  2  1  1  0  1  1  0  1  0  0  0  0  0
  3  0  1  1  0  0  0  1  0  0  0  0  0
  4  0  0  1  0  0  1  1  0  0  0  0  0
  5  1  0  0  0  1  0  0  1  0  0  0  0
  6  0  0  1  1  1  0  0  1  0  1  0  0
  7  0  0  0  0  0  1  1  0  1  0  0  0
  8  0  0  0  0  0  0  0  1  0  1  0  0
  9  0  0  0  0  0  0  1  0  1  0  1  1
 10  0  0  0  0  0  0  0  0  0  1  0  0
 11  0  0  0  0  0  0  0  0  0  1  0  0
Вершины по убыванию степени:
2 6 9 1 5 0 7 4 3 8 11 10 
Цвета вершин:
Вершина 0, цвет 3
Вершина 1, цвет 2
Вершина 2, цвет 1
Вершина 3, цвет 3
Вершина 4, цвет 3
Вершина 5, цвет 1
Вершина 6, цвет 2
Вершина 7, цвет 3
Вершина 8, цвет 2
Вершина 9, цвет 1
Вершина 10, цвет 2
Вершина 11, цвет 2

Хроматическое число графа = 3
